<?xml version="1.0" encoding="UTF-8"?>
<!-- Generated by org.testng.reporters.JUnitReportReporter -->
<testsuite hostname="DESKTOP-PKL9QEF" failures="0" tests="3" name="RunnerClass.RunnerTestClass" time="20.542" errors="0" timestamp="2025-01-26T00:07:08 IST" skipped="0">
  <testcase classname="RunnerClass.RunnerTestClass" name="runScenario" time="9.920"/>
  <testcase classname="RunnerClass.RunnerTestClass" name="runScenario" time="3.206"/>
  <testcase classname="RunnerClass.RunnerTestClass" name="runScenario" time="7.416"/>
</testsuite> <!-- RunnerClass.RunnerTestClass -->
