<?xml version="1.0" encoding="UTF-8"?>
<!-- Generated by org.testng.reporters.JUnitReportReporter -->
<testsuite hostname="God-Mode" failures="0" tests="1" name="RunnerClass.RunnerTestClass" time="15.575" errors="0" timestamp="2025-01-25T23:08:44 IST" skipped="0">
  <testcase classname="RunnerClass.RunnerTestClass" name="runScenario" time="15.575"/>
</testsuite> <!-- RunnerClass.RunnerTestClass -->
