<?xml version="1.0" encoding="UTF-8"?>
<!-- Generated by org.testng.reporters.JUnitReportReporter -->
<testsuite hostname="Kshitij" failures="0" tests="2" name="RunnerClass.RunnerTestClass" time="12.867" errors="0" timestamp="2025-01-25T23:39:51 IST" skipped="0">
  <testcase classname="RunnerClass.RunnerTestClass" name="runScenario" time="11.230"/>
  <testcase classname="RunnerClass.RunnerTestClass" name="runScenario" time="1.637"/>
</testsuite> <!-- RunnerClass.RunnerTestClass -->
